# JRE version: OpenJDK Runtime Environment (8.0_152-b01) (build 1.8.0_152-release-1248-b01)
# Java VM: OpenJDK 64-Bit Server VM (25.152-b01 mixed mode windows-amd64 compressed oops)
Heap:
 PSYoungGen      total 80896K, used 36046K [0x00000000e0000000, 0x00000000e5d80000, 0x0000000100000000)
  eden space 69120K, 35% used [0x00000000e0000000,0x00000000e17ba9a8,0x00000000e4380000)
  from space 11776K, 99% used [0x00000000e4380000,0x00000000e4ef8fb8,0x00000000e4f00000)
  to   space 11264K, 0% used [0x00000000e4f00000,0x00000000e4f00000,0x00000000e5a00000)
 ParOldGen       total 97792K, used 24449K [0x00000000a0000000, 0x00000000a5f80000, 0x00000000e0000000)
  object space 97792K, 25% used [0x00000000a0000000,0x00000000a17e0680,0x00000000a5f80000)
 Metaspace       used 57194K, capacity 58522K, committed 58752K, reserved 1099776K
  class space    used 7664K, capacity 8028K, committed 8064K, reserved 1048576K
GC Heap History (10 events):
Event: 21.091 GC heap before
{Heap before GC invocations=11 (full 1):
 PSYoungGen      total 62976K, used 33769K [0x00000000e0000000, 0x00000000e5a00000, 0x0000000100000000)
  eden space 52224K, 46% used [0x00000000e0000000,0x00000000e17c33a8,0x00000000e3300000)
  from space 10752K, 87% used [0x00000000e3300000,0x00000000e3c37268,0x00000000e3d80000)
  to   space 11264K, 0% used [0x00000000e4f00000,0x00000000e4f00000,0x00000000e5a00000)
 ParOldGen       total 66560K, used 9629K [0x00000000a0000000, 0x00000000a4100000, 0x00000000e0000000)
  object space 66560K, 14% used [0x00000000a0000000,0x00000000a0967428,0x00000000a4100000)
 Metaspace       used 34769K, capacity 35420K, committed 35456K, reserved 1079296K
  class space    used 4767K, capacity 4985K, committed 4992K, reserved 1048576K
Event: 21.104 GC heap after
Heap after GC invocations=11 (full 1):
 PSYoungGen      total 80384K, used 8587K [0x00000000e0000000, 0x00000000e5d80000, 0x0000000100000000)
  eden space 69120K, 0% used [0x00000000e0000000,0x00000000e0000000,0x00000000e4380000)
  from space 11264K, 76% used [0x00000000e4f00000,0x00000000e5762fe0,0x00000000e5a00000)
  to   space 11776K, 0% used [0x00000000e4380000,0x00000000e4380000,0x00000000e4f00000)
 ParOldGen       total 66560K, used 11381K [0x00000000a0000000, 0x00000000a4100000, 0x00000000e0000000)
  object space 66560K, 17% used [0x00000000a0000000,0x00000000a0b1d5d8,0x00000000a4100000)
 Metaspace       used 34769K, capacity 35420K, committed 35456K, reserved 1079296K
  class space    used 4767K, capacity 4985K, committed 4992K, reserved 1048576K
}
Event: 21.104 GC heap before
{Heap before GC invocations=12 (full 2):
 PSYoungGen      total 80384K, used 8587K [0x00000000e0000000, 0x00000000e5d80000, 0x0000000100000000)
  eden space 69120K, 0% used [0x00000000e0000000,0x00000000e0000000,0x00000000e4380000)
  from space 11264K, 76% used [0x00000000e4f00000,0x00000000e5762fe0,0x00000000e5a00000)
  to   space 11776K, 0% used [0x00000000e4380000,0x00000000e4380000,0x00000000e4f00000)
 ParOldGen       total 66560K, used 11381K [0x00000000a0000000, 0x00000000a4100000, 0x00000000e0000000)
  object space 66560K, 17% used [0x00000000a0000000,0x00000000a0b1d5d8,0x00000000a4100000)
 Metaspace       used 34769K, capacity 35420K, committed 35456K, reserved 1079296K
  class space    used 4767K, capacity 4985K, committed 4992K, reserved 1048576K
Event: 21.195 GC heap after
Heap after GC invocations=12 (full 2):
 PSYoungGen      total 80384K, used 0K [0x00000000e0000000, 0x00000000e5d80000, 0x0000000100000000)
  eden space 69120K, 0% used [0x00000000e0000000,0x00000000e0000000,0x00000000e4380000)
  from space 11264K, 0% used [0x00000000e4f00000,0x00000000e4f00000,0x00000000e5a00000)
  to   space 11776K, 0% used [0x00000000e4380000,0x00000000e4380000,0x00000000e4f00000)
 ParOldGen       total 97792K, used 17012K [0x00000000a0000000, 0x00000000a5f80000, 0x00000000e0000000)
  object space 97792K, 17% used [0x00000000a0000000,0x00000000a109d1f0,0x00000000a5f80000)
 Metaspace       used 34742K, capacity 35332K, committed 35456K, reserved 1079296K
  class space    used 4760K, capacity 4977K, committed 4992K, reserved 1048576K
}
Event: 24.527 GC heap before
{Heap before GC invocations=13 (full 2):
 PSYoungGen      total 80384K, used 69120K [0x00000000e0000000, 0x00000000e5d80000, 0x0000000100000000)
  eden space 69120K, 100% used [0x00000000e0000000,0x00000000e4380000,0x00000000e4380000)
  from space 11264K, 0% used [0x00000000e4f00000,0x00000000e4f00000,0x00000000e5a00000)
  to   space 11776K, 0% used [0x00000000e4380000,0x00000000e4380000,0x00000000e4f00000)
 ParOldGen       total 97792K, used 17012K [0x00000000a0000000, 0x00000000a5f80000, 0x00000000e0000000)
  object space 97792K, 17% used [0x00000000a0000000,0x00000000a109d1f0,0x00000000a5f80000)
 Metaspace       used 43667K, capacity 44488K, committed 44800K, reserved 1087488K
  class space    used 5852K, capacity 6102K, committed 6144K, reserved 1048576K
Event: 24.541 GC heap after
Heap after GC invocations=13 (full 2):
 PSYoungGen      total 80896K, used 10549K [0x00000000e0000000, 0x00000000e5d80000, 0x0000000100000000)
  eden space 69120K, 0% used [0x00000000e0000000,0x00000000e0000000,0x00000000e4380000)
  from space 11776K, 89% used [0x00000000e4380000,0x00000000e4dcd780,0x00000000e4f00000)
  to   space 11264K, 0% used [0x00000000e4f00000,0x00000000e4f00000,0x00000000e5a00000)
 ParOldGen       total 97792K, used 17020K [0x00000000a0000000, 0x00000000a5f80000, 0x00000000e0000000)
  object space 97792K, 17% used [0x00000000a0000000,0x00000000a109f1f0,0x00000000a5f80000)
 Metaspace       used 43667K, capacity 44488K, committed 44800K, reserved 1087488K
  class space    used 5852K, capacity 6102K, committed 6144K, reserved 1048576K
}
Event: 27.933 GC heap before
{Heap before GC invocations=14 (full 2):
 PSYoungGen      total 80896K, used 79669K [0x00000000e0000000, 0x00000000e5d80000, 0x0000000100000000)
  eden space 69120K, 100% used [0x00000000e0000000,0x00000000e4380000,0x00000000e4380000)
  from space 11776K, 89% used [0x00000000e4380000,0x00000000e4dcd780,0x00000000e4f00000)
  to   space 11264K, 0% used [0x00000000e4f00000,0x00000000e4f00000,0x00000000e5a00000)
 ParOldGen       total 97792K, used 17020K [0x00000000a0000000, 0x00000000a5f80000, 0x00000000e0000000)
  object space 97792K, 17% used [0x00000000a0000000,0x00000000a109f1f0,0x00000000a5f80000)
 Metaspace       used 50689K, capacity 51692K, committed 51968K, reserved 1093632K
  class space    used 6786K, capacity 7091K, committed 7168K, reserved 1048576K
Event: 27.950 GC heap after
Heap after GC invocations=14 (full 2):
 PSYoungGen      total 80384K, used 11262K [0x00000000e0000000, 0x00000000e5d80000, 0x0000000100000000)
  eden space 69120K, 0% used [0x00000000e0000000,0x00000000e0000000,0x00000000e4380000)
  from space 11264K, 99% used [0x00000000e4f00000,0x00000000e59ff8b0,0x00000000e5a00000)
  to   space 11776K, 0% used [0x00000000e4380000,0x00000000e4380000,0x00000000e4f00000)
 ParOldGen       total 97792K, used 19506K [0x00000000a0000000, 0x00000000a5f80000, 0x00000000e0000000)
  object space 97792K, 19% used [0x00000000a0000000,0x00000000a130c878,0x00000000a5f80000)
 Metaspace       used 50689K, capacity 51692K, committed 51968K, reserved 1093632K
  class space    used 6786K, capacity 7091K, committed 7168K, reserved 1048576K
}
Event: 30.692 GC heap before
{Heap before GC invocations=15 (full 2):
 PSYoungGen      total 80384K, used 80382K [0x00000000e0000000, 0x00000000e5d80000, 0x0000000100000000)
  eden space 69120K, 100% used [0x00000000e0000000,0x00000000e4380000,0x00000000e4380000)
  from space 11264K, 99% used [0x00000000e4f00000,0x00000000e59ff8b0,0x00000000e5a00000)
  to   space 11776K, 0% used [0x00000000e4380000,0x00000000e4380000,0x00000000e4f00000)
 ParOldGen       total 97792K, used 19506K [0x00000000a0000000, 0x00000000a5f80000, 0x00000000e0000000)
  object space 97792K, 19% used [0x00000000a0000000,0x00000000a130c878,0x00000000a5f80000)
 Metaspace       used 55269K, capacity 56486K, committed 56704K, reserved 1097728K
  class space    used 7372K, capacity 7736K, committed 7808K, reserved 1048576K
Event: 30.709 GC heap after
Heap after GC invocations=15 (full 2):
 PSYoungGen      total 80896K, used 11747K [0x00000000e0000000, 0x00000000e5d80000, 0x0000000100000000)
  eden space 69120K, 0% used [0x00000000e0000000,0x00000000e0000000,0x00000000e4380000)
  from space 11776K, 99% used [0x00000000e4380000,0x00000000e4ef8fb8,0x00000000e4f00000)
  to   space 11264K, 0% used [0x00000000e4f00000,0x00000000e4f00000,0x00000000e5a00000)
 ParOldGen       total 97792K, used 24449K [0x00000000a0000000, 0x00000000a5f80000, 0x00000000e0000000)
  object space 97792K, 25% used [0x00000000a0000000,0x00000000a17e0680,0x00000000a5f80000)
 Metaspace       used 55269K, capacity 56486K, committed 56704K, reserved 1097728K
  class space    used 7372K, capacity 7736K, committed 7808K, reserved 1048576K
}

