# JRE version: OpenJDK Runtime Environment (8.0_152-b01) (build 1.8.0_152-release-1248-b01)
# Java VM: OpenJDK 64-Bit Server VM (25.152-b01 mixed mode windows-amd64 compressed oops)
Heap:
 PSYoungGen      total 135168K, used 61668K [0x00000000e0000000, 0x00000000ea900000, 0x0000000100000000)
  eden space 105472K, 31% used [0x00000000e0000000,0x00000000e201ce48,0x00000000e6700000)
  from space 29696K, 96% used [0x00000000e6980000,0x00000000e859c568,0x00000000e8680000)
  to   space 33792K, 0% used [0x00000000e8800000,0x00000000e8800000,0x00000000ea900000)
 ParOldGen       total 133120K, used 72951K [0x00000000a0000000, 0x00000000a8200000, 0x00000000e0000000)
  object space 133120K, 54% used [0x00000000a0000000,0x00000000a473ded0,0x00000000a8200000)
 Metaspace       used 82862K, capacity 85522K, committed 85800K, reserved 1124352K
  class space    used 10409K, capacity 11014K, committed 11056K, reserved 1048576K
GC Heap History (10 events):
Event: 1415.144 GC heap before
{Heap before GC invocations=26 (full 3):
 PSYoungGen      total 135168K, used 131203K [0x00000000e0000000, 0x00000000e9a80000, 0x0000000100000000)
  eden space 120320K, 100% used [0x00000000e0000000,0x00000000e7580000,0x00000000e7580000)
  from space 14848K, 73% used [0x00000000e8c00000,0x00000000e96a0f40,0x00000000e9a80000)
  to   space 18944K, 0% used [0x00000000e7580000,0x00000000e7580000,0x00000000e8800000)
 ParOldGen       total 133120K, used 58861K [0x00000000a0000000, 0x00000000a8200000, 0x00000000e0000000)
  object space 133120K, 44% used [0x00000000a0000000,0x00000000a397b758,0x00000000a8200000)
 Metaspace       used 66524K, capacity 68448K, committed 68648K, reserved 1110016K
  class space    used 8546K, capacity 9003K, committed 9008K, reserved 1048576K
Event: 1415.162 GC heap after
Heap after GC invocations=26 (full 3):
 PSYoungGen      total 129024K, used 11417K [0x00000000e0000000, 0x00000000e9680000, 0x0000000100000000)
  eden space 117248K, 0% used [0x00000000e0000000,0x00000000e0000000,0x00000000e7280000)
  from space 11776K, 96% used [0x00000000e7580000,0x00000000e80a6438,0x00000000e8100000)
  to   space 18432K, 0% used [0x00000000e8480000,0x00000000e8480000,0x00000000e9680000)
 ParOldGen       total 133120K, used 58869K [0x00000000a0000000, 0x00000000a8200000, 0x00000000e0000000)
  object space 133120K, 44% used [0x00000000a0000000,0x00000000a397d758,0x00000000a8200000)
 Metaspace       used 66524K, capacity 68448K, committed 68648K, reserved 1110016K
  class space    used 8546K, capacity 9003K, committed 9008K, reserved 1048576K
}
Event: 1422.221 GC heap before
{Heap before GC invocations=27 (full 3):
 PSYoungGen      total 129024K, used 128665K [0x00000000e0000000, 0x00000000e9680000, 0x0000000100000000)
  eden space 117248K, 100% used [0x00000000e0000000,0x00000000e7280000,0x00000000e7280000)
  from space 11776K, 96% used [0x00000000e7580000,0x00000000e80a6438,0x00000000e8100000)
  to   space 18432K, 0% used [0x00000000e8480000,0x00000000e8480000,0x00000000e9680000)
 ParOldGen       total 133120K, used 58869K [0x00000000a0000000, 0x00000000a8200000, 0x00000000e0000000)
  object space 133120K, 44% used [0x00000000a0000000,0x00000000a397d758,0x00000000a8200000)
 Metaspace       used 71490K, capacity 73392K, committed 73768K, reserved 1114112K
  class space    used 9155K, capacity 9649K, committed 9776K, reserved 1048576K
Event: 1422.253 GC heap after
Heap after GC invocations=27 (full 3):
 PSYoungGen      total 131584K, used 18422K [0x00000000e0000000, 0x00000000e9b80000, 0x0000000100000000)
  eden space 113152K, 0% used [0x00000000e0000000,0x00000000e0000000,0x00000000e6e80000)
  from space 18432K, 99% used [0x00000000e8480000,0x00000000e967daf8,0x00000000e9680000)
  to   space 22528K, 0% used [0x00000000e6e80000,0x00000000e6e80000,0x00000000e8480000)
 ParOldGen       total 133120K, used 63330K [0x00000000a0000000, 0x00000000a8200000, 0x00000000e0000000)
  object space 133120K, 47% used [0x00000000a0000000,0x00000000a3dd8990,0x00000000a8200000)
 Metaspace       used 71490K, capacity 73392K, committed 73768K, reserved 1114112K
  class space    used 9155K, capacity 9649K, committed 9776K, reserved 1048576K
}
Event: 1430.280 GC heap before
{Heap before GC invocations=28 (full 3):
 PSYoungGen      total 131584K, used 131574K [0x00000000e0000000, 0x00000000e9b80000, 0x0000000100000000)
  eden space 113152K, 100% used [0x00000000e0000000,0x00000000e6e80000,0x00000000e6e80000)
  from space 18432K, 99% used [0x00000000e8480000,0x00000000e967daf8,0x00000000e9680000)
  to   space 22528K, 0% used [0x00000000e6e80000,0x00000000e6e80000,0x00000000e8480000)
 ParOldGen       total 133120K, used 63330K [0x00000000a0000000, 0x00000000a8200000, 0x00000000e0000000)
  object space 133120K, 47% used [0x00000000a0000000,0x00000000a3dd8990,0x00000000a8200000)
 Metaspace       used 79722K, capacity 81944K, committed 82088K, reserved 1120256K
  class space    used 10077K, capacity 10589K, committed 10672K, reserved 1048576K
Event: 1430.353 GC heap after
Heap after GC invocations=28 (full 3):
 PSYoungGen      total 133120K, used 22496K [0x00000000e0000000, 0x00000000ea400000, 0x0000000100000000)
  eden space 110592K, 0% used [0x00000000e0000000,0x00000000e0000000,0x00000000e6c00000)
  from space 22528K, 99% used [0x00000000e6e80000,0x00000000e84780e0,0x00000000e8480000)
  to   space 28672K, 0% used [0x00000000e8800000,0x00000000e8800000,0x00000000ea400000)
 ParOldGen       total 133120K, used 72855K [0x00000000a0000000, 0x00000000a8200000, 0x00000000e0000000)
  object space 133120K, 54% used [0x00000000a0000000,0x00000000a4725ed0,0x00000000a8200000)
 Metaspace       used 79722K, capacity 81944K, committed 82088K, reserved 1120256K
  class space    used 10077K, capacity 10589K, committed 10672K, reserved 1048576K
}
Event: 1433.219 GC heap before
{Heap before GC invocations=29 (full 3):
 PSYoungGen      total 133120K, used 133088K [0x00000000e0000000, 0x00000000ea400000, 0x0000000100000000)
  eden space 110592K, 100% used [0x00000000e0000000,0x00000000e6c00000,0x00000000e6c00000)
  from space 22528K, 99% used [0x00000000e6e80000,0x00000000e84780e0,0x00000000e8480000)
  to   space 28672K, 0% used [0x00000000e8800000,0x00000000e8800000,0x00000000ea400000)
 ParOldGen       total 133120K, used 72855K [0x00000000a0000000, 0x00000000a8200000, 0x00000000e0000000)
  object space 133120K, 54% used [0x00000000a0000000,0x00000000a4725ed0,0x00000000a8200000)
 Metaspace       used 81038K, capacity 83244K, committed 83496K, reserved 1122304K
  class space    used 10192K, capacity 10727K, committed 10800K, reserved 1048576K
Event: 1433.246 GC heap after
Heap after GC invocations=29 (full 3):
 PSYoungGen      total 136192K, used 20510K [0x00000000e0000000, 0x00000000ea380000, 0x0000000100000000)
  eden space 108032K, 0% used [0x00000000e0000000,0x00000000e0000000,0x00000000e6980000)
  from space 28160K, 72% used [0x00000000e8800000,0x00000000e9c07bd8,0x00000000ea380000)
  to   space 29696K, 0% used [0x00000000e6980000,0x00000000e6980000,0x00000000e8680000)
 ParOldGen       total 133120K, used 72943K [0x00000000a0000000, 0x00000000a8200000, 0x00000000e0000000)
  object space 133120K, 54% used [0x00000000a0000000,0x00000000a473bed0,0x00000000a8200000)
 Metaspace       used 81038K, capacity 83244K, committed 83496K, reserved 1122304K
  class space    used 10192K, capacity 10727K, committed 10800K, reserved 1048576K
}
Event: 1437.553 GC heap before
{Heap before GC invocations=30 (full 3):
 PSYoungGen      total 136192K, used 128542K [0x00000000e0000000, 0x00000000ea380000, 0x0000000100000000)
  eden space 108032K, 100% used [0x00000000e0000000,0x00000000e6980000,0x00000000e6980000)
  from space 28160K, 72% used [0x00000000e8800000,0x00000000e9c07bd8,0x00000000ea380000)
  to   space 29696K, 0% used [0x00000000e6980000,0x00000000e6980000,0x00000000e8680000)
 ParOldGen       total 133120K, used 72943K [0x00000000a0000000, 0x00000000a8200000, 0x00000000e0000000)
  object space 133120K, 54% used [0x00000000a0000000,0x00000000a473bed0,0x00000000a8200000)
 Metaspace       used 82393K, capacity 84914K, committed 85288K, reserved 1124352K
  class space    used 10353K, capacity 10936K, committed 11056K, reserved 1048576K
Event: 1437.587 GC heap after
Heap after GC invocations=30 (full 3):
 PSYoungGen      total 135168K, used 28785K [0x00000000e0000000, 0x00000000ea900000, 0x0000000100000000)
  eden space 105472K, 0% used [0x00000000e0000000,0x00000000e0000000,0x00000000e6700000)
  from space 29696K, 96% used [0x00000000e6980000,0x00000000e859c568,0x00000000e8680000)
  to   space 33792K, 0% used [0x00000000e8800000,0x00000000e8800000,0x00000000ea900000)
 ParOldGen       total 133120K, used 72951K [0x00000000a0000000, 0x00000000a8200000, 0x00000000e0000000)
  object space 133120K, 54% used [0x00000000a0000000,0x00000000a473ded0,0x00000000a8200000)
 Metaspace       used 82393K, capacity 84914K, committed 85288K, reserved 1124352K
  class space    used 10353K, capacity 10936K, committed 11056K, reserved 1048576K
}

